::1 - - [21/May/2021:08:26:55 -0700] "GET /phpmyadmin/ HTTP/1.1" 200 7945
::1 - - [21/May/2021:08:26:55 -0700] "GET /phpmyadmin/themes/pmahomme/jquery/jquery-ui-1.9.2.custom.css HTTP/1.1" 304 -
::1 - - [21/May/2021:08:26:55 -0700] "GET /phpmyadmin/js/get_scripts.js.php?scripts[]=jquery/jquery-1.8.3.js&scripts[]=ajax.js&scripts[]=keyhandler.js&scripts[]=jquery/jquery-ui-1.9.2.custom.js&scripts[]=jquery/jquery.sprintf.js&scripts[]=jquery/jquery.cookie.js&scripts[]=jquery/jquery.mousewheel.js&scripts[]=jquery/jquery.event.drag-2.2.js&scripts[]=jquery/jquery-ui-timepicker-addon.js&scripts[]=jquery/jquery.ba-hashchange-1.3.js&scripts[]=jquery/jquery.debounce-1.0.5.js&scripts[]=jquery/jquery.menuResizer-1.0.js&scripts[]=rte.js&scripts[]=functions.js&scripts[]=navigation.js&scripts[]=indexes.js&scripts[]=common.js&scripts[]=codemirror/lib/codemirror.js&scripts[]=codemirror/mode/mysql/mysql.js HTTP/1.1" 200 578562
::1 - - [21/May/2021:08:26:55 -0700] "GET /phpmyadmin/phpmyadmin.css.php?server=1&token=de8179bf8018e54ad54353ac28439a5a&nocache=4863809920ltr HTTP/1.1" 200 88608
::1 - - [21/May/2021:08:26:55 -0700] "GET /phpmyadmin/js/messages.php?lang=en&db=&server=0&token=fa06dd84131ec597f6610332450a329c HTTP/1.1" 200 16674
::1 - - [21/May/2021:08:26:55 -0700] "GET /phpmyadmin/js/get_image.js.php?theme=pmahomme HTTP/1.1" 200 6263
::1 - - [21/May/2021:08:26:55 -0700] "GET /phpmyadmin/themes/pmahomme/img/logo_right.png HTTP/1.1" 304 -
::1 - - [21/May/2021:08:26:55 -0700] "GET /phpmyadmin/themes/dot.gif HTTP/1.1" 304 -
::1 - - [21/May/2021:08:26:55 -0700] "GET /phpmyadmin/themes/pmahomme/img/sprites.png HTTP/1.1" 304 -
::1 - - [21/May/2021:08:27:01 -0700] "GET / HTTP/1.1" 200 2368
::1 - - [21/May/2021:08:27:02 -0700] "GET /favicon.ico HTTP/1.1" 404 209
::1 - - [21/May/2021:08:28:12 -0700] "GET /search_keyword.php?keyword=when&submit= HTTP/1.1" 200 151
::1 - - [21/May/2021:08:29:29 -0700] "POST /phpmyadmin/index.php HTTP/1.1" 302 -
::1 - - [21/May/2021:08:29:29 -0700] "GET /phpmyadmin/index.php?token=de8179bf8018e54ad54353ac28439a5a HTTP/1.1" 200 42535
::1 - - [21/May/2021:08:29:29 -0700] "GET /phpmyadmin/phpmyadmin.css.php?server=1&token=de8179bf8018e54ad54353ac28439a5a&nocache=6485420889ltr HTTP/1.1" 200 88608
::1 - - [21/May/2021:08:29:29 -0700] "GET /phpmyadmin/themes/pmahomme/img/logo_left.png HTTP/1.1" 304 -
::1 - - [21/May/2021:08:29:29 -0700] "GET /phpmyadmin/js/messages.php?lang=en&db=&server=0&token=de8179bf8018e54ad54353ac28439a5a HTTP/1.1" 200 16674
::1 - - [21/May/2021:08:29:29 -0700] "GET /phpmyadmin/themes/pmahomme/img/ajax_clock_small.gif HTTP/1.1" 304 -
::1 - - [21/May/2021:08:29:29 -0700] "GET /phpmyadmin/themes/pmahomme/img/left_nav_bg.png HTTP/1.1" 304 -
::1 - - [21/May/2021:08:29:29 -0700] "GET /phpmyadmin/version_check.php?&_nocache=1621610969984393049 HTTP/1.1" 200 39
::1 - - [21/May/2021:08:29:36 -0700] "GET /phpmyadmin/navigation.php?ajax_request=1&token=de8179bf8018e54ad54353ac28439a5a&aPath=cm9vdA%3D%3D.dGVzdA%3D%3D&vPath=cm9vdA%3D%3D.dGVzdA%3D%3D&pos=0&pos2_name=&pos2_value=&searchClause=&searchClause2=&_nocache=1621610976212708039 HTTP/1.1" 200 1336
::1 - - [21/May/2021:08:29:37 -0700] "GET /phpmyadmin/sql.php?server=1&db=test&table=jokes_table&pos=0&token=de8179bf8018e54ad54353ac28439a5a&ajax_request=true&ajax_page_request=true&menuHashes=103a7ef1&_nocache=1621610977174194181 HTTP/1.1" 200 53099
::1 - - [21/May/2021:08:29:37 -0700] "GET /phpmyadmin/themes/pmahomme/img/arrow_ltr.png HTTP/1.1" 304 -
::1 - - [21/May/2021:08:29:37 -0700] "GET /phpmyadmin/themes/pmahomme/img/s_fulltext.png HTTP/1.1" 304 -
::1 - - [21/May/2021:08:29:37 -0700] "GET /phpmyadmin/js/get_scripts.js.php?scripts[]=tbl_change.js&scripts[]=tbl_structure.js&scripts[]=gis_data_editor.js&scripts[]=makegrid.js&scripts[]=sql.js HTTP/1.1" 200 57302
::1 - - [21/May/2021:08:29:37 -0700] "GET /phpmyadmin/themes/pmahomme/img/col_pointer.png HTTP/1.1" 304 -
::1 - - [21/May/2021:08:29:37 -0700] "GET /phpmyadmin/themes/pmahomme/img/col_drop.png HTTP/1.1" 304 -
::1 - - [21/May/2021:08:29:37 -0700] "GET /phpmyadmin/index.php?ajax_request=1&recent_table=1&token=de8179bf8018e54ad54353ac28439a5a HTTP/1.1" 200 214
::1 - - [21/May/2021:08:45:19 -0700] "GET /search_keyword.php?keyword=what&submit= HTTP/1.1" 200 688
::1 - - [21/May/2021:08:45:19 -0700] "GET /resources/demos/style.css HTTP/1.1" 404 223
::1 - - [21/May/2021:08:48:03 -0700] "GET /search_keyword.php?keyword=what&submit= HTTP/1.1" 200 769
::1 - - [21/May/2021:08:48:03 -0700] "GET /resources/demos/style.css HTTP/1.1" 404 223
