2021-05-17 09:45:18 6280 [Note] Plugin 'FEDERATED' is disabled.
2021-05-17 09:45:18 6280 [Note] InnoDB: The InnoDB memory heap is disabled
2021-05-17 09:45:18 6280 [Note] InnoDB: Mutexes and rw_locks use Windows interlocked functions
2021-05-17 09:45:18 6280 [Note] InnoDB: Compressed tables use zlib 1.2.3
2021-05-17 09:45:18 6280 [Note] InnoDB: Not using CPU crc32 instructions
2021-05-17 09:45:19 6280 [Note] InnoDB: Initializing buffer pool, size = 128.0M
2021-05-17 09:45:19 6280 [Note] InnoDB: Completed initialization of buffer pool
2021-05-17 09:45:19 6280 [Note] InnoDB: Setting log file C:\Users\nhanp\Desktop\NucampFolder\8-OtherProject\webserverfolder\mysql\data\ib_logfile101 size to 5 MB
2021-05-17 09:45:19 6280 [Note] InnoDB: Setting log file C:\Users\nhanp\Desktop\NucampFolder\8-OtherProject\webserverfolder\mysql\data\ib_logfile1 size to 5 MB
2021-05-17 09:45:19 6280 [Note] InnoDB: Renaming log file C:\Users\nhanp\Desktop\NucampFolder\8-OtherProject\webserverfolder\mysql\data\ib_logfile101 to C:\Users\nhanp\Desktop\NucampFolder\8-OtherProject\webserverfolder\mysql\data\ib_logfile0
2021-05-17 09:45:19 6280 [Warning] InnoDB: New log files created, LSN=1626134
2021-05-17 09:45:19 6280 [Note] InnoDB: Highest supported file format is Barracuda.
2021-05-17 09:45:19 6280 [Note] InnoDB: 128 rollback segment(s) are active.
2021-05-17 09:45:19 6280 [Note] InnoDB: Waiting for purge to start
2021-05-17 09:45:19 6280 [Note] InnoDB: 5.6.13 started; log sequence number 1626636
2021-05-17 09:45:19 6280 [Warning] No existing UUID has been found, so we assume that this is the first time that this server has been started. Generating a new UUID: 43ab1411-b72f-11eb-980a-c809a8300e98.
2021-05-17 09:45:19 6280 [Note] Server hostname (bind-address): '*'; port: 3307
2021-05-17 09:45:19 6280 [Note] IPv6 is available.
2021-05-17 09:45:19 6280 [Note]   - '::' resolves to '::';
2021-05-17 09:45:19 6280 [Note] Server socket created on IP: '::'.
2021-05-17 09:45:19 6280 [Note] Event Scheduler: Loaded 0 events
2021-05-17 09:45:19 6280 [Note] C:\Users\nhanp\Desktop\NucampFolder\8-OtherProject\webserverfolder/mysql/bin/mysqld_usbwv8.exe: ready for connections.
Version: '5.6.13'  socket: ''  port: 3307  MySQL Community Server (GPL)
